<?xml version="1.0" encoding="UTF-8"?>
<testsuite name="com.example.demo.ApplicationTests" tests="0" skipped="0" failures="0" errors="0" timestamp="1970-01-01T00:00:00" hostname="MacBook-Pro.local" time="0.0">
  <properties/>
  <system-out><![CDATA[17:02:38.094 [Test worker] DEBUG org.springframework.test.context.junit4.SpringJUnit4ClassRunner - SpringJUnit4ClassRunner constructor called with [class com.example.demo.ApplicationTests]
17:02:38.099 [Test worker] DEBUG org.springframework.test.context.BootstrapUtils - Instantiating CacheAwareContextLoaderDelegate from class [org.springframework.test.context.cache.DefaultCacheAwareContextLoaderDelegate]
17:02:38.106 [Test worker] DEBUG org.springframework.test.context.BootstrapUtils - Instantiating BootstrapContext using constructor [public org.springframework.test.context.support.DefaultBootstrapContext(java.lang.Class,org.springframework.test.context.CacheAwareContextLoaderDelegate)]
17:02:38.121 [Test worker] DEBUG org.springframework.test.context.BootstrapUtils - Instantiating TestContextBootstrapper for test class [com.example.demo.ApplicationTests] from class [org.springframework.boot.test.context.SpringBootTestContextBootstrapper]
17:02:38.130 [Test worker] INFO org.springframework.boot.test.context.SpringBootTestContextBootstrapper - Neither @ContextConfiguration nor @ContextHierarchy found for test class [com.example.demo.ApplicationTests], using SpringBootContextLoader
17:02:38.133 [Test worker] DEBUG org.springframework.test.context.support.AbstractContextLoader - Did not detect default resource location for test class [com.example.demo.ApplicationTests]: class path resource [com/example/demo/ApplicationTests-context.xml] does not exist
17:02:38.133 [Test worker] DEBUG org.springframework.test.context.support.AbstractContextLoader - Did not detect default resource location for test class [com.example.demo.ApplicationTests]: class path resource [com/example/demo/ApplicationTestsContext.groovy] does not exist
17:02:38.133 [Test worker] INFO org.springframework.test.context.support.AbstractContextLoader - Could not detect default resource locations for test class [com.example.demo.ApplicationTests]: no resource found for suffixes {-context.xml, Context.groovy}.
17:02:38.134 [Test worker] INFO org.springframework.test.context.support.AnnotationConfigContextLoaderUtils - Could not detect default configuration classes for test class [com.example.demo.ApplicationTests]: ApplicationTests does not declare any static, non-private, non-final, nested classes annotated with @Configuration.
17:02:38.164 [Test worker] DEBUG org.springframework.test.context.support.ActiveProfilesUtils - Could not find an 'annotation declaring class' for annotation type [org.springframework.test.context.ActiveProfiles] and class [com.example.demo.ApplicationTests]
17:02:38.170 [Test worker] DEBUG org.springframework.core.env.StandardEnvironment - Adding PropertySource 'systemProperties' with lowest search precedence
17:02:38.170 [Test worker] DEBUG org.springframework.core.env.StandardEnvironment - Adding PropertySource 'systemEnvironment' with lowest search precedence
17:02:38.171 [Test worker] DEBUG org.springframework.core.env.StandardEnvironment - Initialized StandardEnvironment with PropertySources [MapPropertySource@298483190 {name='systemProperties', properties={java.runtime.name=Java(TM) SE Runtime Environment, sun.boot.library.path=/Library/Java/JavaVirtualMachines/jdk1.8.0_144.jdk/Contents/Home/jre/lib, java.vm.version=25.144-b01, gopherProxySet=false, java.vm.vendor=Oracle Corporation, java.vendor.url=http://java.oracle.com/, path.separator=:, java.vm.name=Java HotSpot(TM) 64-Bit Server VM, file.encoding.pkg=sun.io, sun.java.launcher=SUN_STANDARD, user.country=KR, sun.os.patch.level=unknown, java.vm.specification.name=Java Virtual Machine Specification, user.dir=/Users/yunmiheo_or/Desktop/java/springBoot, java.runtime.version=1.8.0_144-b01, java.awt.graphicsenv=sun.awt.CGraphicsEnvironment, java.endorsed.dirs=/Library/Java/JavaVirtualMachines/jdk1.8.0_144.jdk/Contents/Home/jre/lib/endorsed, os.arch=x86_64, java.io.tmpdir=/var/folders/70/znb6qw_n3hd99pcc66hn6fb40000gp/T/, line.separator=
, java.vm.specification.vendor=Oracle Corporation, user.variant=, os.name=Mac OS X, sun.jnu.encoding=UTF-8, java.library.path=/Users/yunmiheo_or/Library/Java/Extensions:/Library/Java/Extensions:/Network/Library/Java/Extensions:/System/Library/Java/Extensions:/usr/lib/java:., java.specification.name=Java Platform API Specification, java.class.version=52.0, org.gradle.native=false, sun.management.compiler=HotSpot 64-Bit Tiered Compilers, os.version=10.13.4, http.nonProxyHosts=local|*.local|169.254/16|*.169.254/16, user.home=/Users/yunmiheo_or, user.timezone=Asia/Seoul, java.awt.printerjob=sun.lwawt.macosx.CPrinterJob, file.encoding=UTF-8, java.specification.version=1.8, java.class.path=/Users/yunmiheo_or/Desktop/java/springBoot/build/classes/java/test:/Users/yunmiheo_or/Desktop/java/springBoot/build/resources/test:/Users/yunmiheo_or/Desktop/java/springBoot/build/classes/java/main:/Users/yunmiheo_or/Desktop/java/springBoot/build/resources/main:/Users/yunmiheo_or/.gradle/caches/modules-2/files-2.1/org.springframework.boot/spring-boot-starter-web/2.0.3.RELEASE/41fd4180bea3813de8f3c602b5a126218360315b/spring-boot-starter-web-2.0.3.RELEASE.jar:/Users/yunmiheo_or/.gradle/caches/modules-2/files-2.1/org.apache.tomcat.embed/tomcat-embed-jasper/8.5.31/89d0582ef3652271d30105240e8e57f39b0b7f0/tomcat-embed-jasper-8.5.31.jar:/Users/yunmiheo_or/.gradle/caches/modules-2/files-2.1/javax.servlet/jstl/1.2/74aca283cd4f4b4f3e425f5820cda58f44409547/jstl-1.2.jar:/Users/yunmiheo_or/.gradle/caches/modules-2/files-2.1/org.springframework.boot/spring-boot-starter-test/2.0.3.RELEASE/1c624b1cc217bac010abce7a28df8169af4a7fa0/spring-boot-starter-test-2.0.3.RELEASE.jar:/Users/yunmiheo_or/.gradle/caches/modules-2/files-2.1/org.springframework.boot/spring-boot-starter-json/2.0.3.RELEASE/2e389a8727588c549c28bb277f0f573f65554850/spring-boot-starter-json-2.0.3.RELEASE.jar:/Users/yunmiheo_or/.gradle/caches/modules-2/files-2.1/org.springframework.boot/spring-boot-starter/2.0.3.RELEASE/ffaa050dbd36b0441645598f1a7ddaf67fd5e678/spring-boot-starter-2.0.3.RELEASE.jar:/Users/yunmiheo_or/.gradle/caches/modules-2/files-2.1/org.springframework.boot/spring-boot-starter-tomcat/2.0.3.RELEASE/25a51a75bfb997b7b95d6760178ee3303863ec4b/spring-boot-starter-tomcat-2.0.3.RELEASE.jar:/Users/yunmiheo_or/.gradle/caches/modules-2/files-2.1/org.hibernate.validator/hibernate-validator/6.0.10.Final/4236051a8d209c00f85e70918d5e26d9f3e5201e/hibernate-validator-6.0.10.Final.jar:/Users/yunmiheo_or/.gradle/caches/modules-2/files-2.1/org.springframework/spring-webmvc/5.0.7.RELEASE/751c871527ec7ff335ffc76f2e737e297c0a8d30/spring-webmvc-5.0.7.RELEASE.jar:/Users/yunmiheo_or/.gradle/caches/modules-2/files-2.1/org.springframework/spring-web/5.0.7.RELEASE/2e04c6c2922fbfa06b5948be14a5782db168b6ec/spring-web-5.0.7.RELEASE.jar:/Users/yunmiheo_or/.gradle/caches/modules-2/files-2.1/org.apache.tomcat.embed/tomcat-embed-websocket/8.5.31/6564e716b89de5eaa0dd234ae7989576503ddf3/tomcat-embed-websocket-8.5.31.jar:/Users/yunmiheo_or/.gradle/caches/modules-2/files-2.1/org.apache.tomcat.embed/tomcat-embed-core/8.5.31/f5adf7ed8c34aa005b22b6a2dc7b6796e10e9c79/tomcat-embed-core-8.5.31.jar:/Users/yunmiheo_or/.gradle/caches/modules-2/files-2.1/org.apache.tomcat.embed/tomcat-embed-el/8.5.31/3a536e1ac71b82627c3a7408eb38fa0704cb9034/tomcat-embed-el-8.5.31.jar:/Users/yunmiheo_or/.gradle/caches/modules-2/files-2.1/org.eclipse.jdt/ecj/3.12.3/ade950992eb3caf6ab4f1a88706c755f0bf213d9/ecj-3.12.3.jar:/Users/yunmiheo_or/.gradle/caches/modules-2/files-2.1/org.springframework.boot/spring-boot-test-autoconfigure/2.0.3.RELEASE/54e7d2167f2b926bf16a0ef8b91b6bfbd43826e7/spring-boot-test-autoconfigure-2.0.3.RELEASE.jar:/Users/yunmiheo_or/.gradle/caches/modules-2/files-2.1/org.springframework.boot/spring-boot-test/2.0.3.RELEASE/5c9b4bb6cfce9ef6e53a0ff5fc4a7ff2867871d8/spring-boot-test-2.0.3.RELEASE.jar:/Users/yunmiheo_or/.gradle/caches/modules-2/files-2.1/com.jayway.jsonpath/json-path/2.4.0/765a4401ceb2dc8d40553c2075eb80a8fa35c2ae/json-path-2.4.0.jar:/Users/yunmiheo_or/.gradle/caches/modules-2/files-2.1/junit/junit/4.12/2973d150c0dc1fefe998f834810d68f278ea58ec/junit-4.12.jar:/Users/yunmiheo_or/.gradle/caches/modules-2/files-2.1/org.assertj/assertj-core/3.9.1/c5ce126b15f28d56cd8f960c1a6a058b9c9aea87/assertj-core-3.9.1.jar:/Users/yunmiheo_or/.gradle/caches/modules-2/files-2.1/org.mockito/mockito-core/2.15.0/b84bfbbc29cd22c9529409627af6ea2897f4fa85/mockito-core-2.15.0.jar:/Users/yunmiheo_or/.gradle/caches/modules-2/files-2.1/org.hamcrest/hamcrest-library/1.3/4785a3c21320980282f9f33d0d1264a69040538f/hamcrest-library-1.3.jar:/Users/yunmiheo_or/.gradle/caches/modules-2/files-2.1/org.hamcrest/hamcrest-core/1.3/42a25dc3219429f0e5d060061f71acb49bf010a0/hamcrest-core-1.3.jar:/Users/yunmiheo_or/.gradle/caches/modules-2/files-2.1/org.skyscreamer/jsonassert/1.5.0/6c9d5fe2f59da598d9aefc1cfc6528ff3cf32df3/jsonassert-1.5.0.jar:/Users/yunmiheo_or/.gradle/caches/modules-2/files-2.1/org.springframework/spring-test/5.0.7.RELEASE/bcb7505a316ea34b7e9a7ae5d4921be5b475c02d/spring-test-5.0.7.RELEASE.jar:/Users/yunmiheo_or/.gradle/caches/modules-2/files-2.1/org.springframework.boot/spring-boot-autoconfigure/2.0.3.RELEASE/11bc4cc96b08fabad2b3186755818fa0b32d83f/spring-boot-autoconfigure-2.0.3.RELEASE.jar:/Users/yunmiheo_or/.gradle/caches/modules-2/files-2.1/org.springframework.boot/spring-boot/2.0.3.RELEASE/b874870d915adbc3dd932e19077d3d45c8e54aa0/spring-boot-2.0.3.RELEASE.jar:/Users/yunmiheo_or/.gradle/caches/modules-2/files-2.1/org.springframework/spring-context/5.0.7.RELEASE/243a23f8968de8754d8199d669780d683ab177bd/spring-context-5.0.7.RELEASE.jar:/Users/yunmiheo_or/.gradle/caches/modules-2/files-2.1/org.springframework/spring-aop/5.0.7.RELEASE/fdd0b6aa3c9c7a188c3bfbf6dfd8d40e843be9ef/spring-aop-5.0.7.RELEASE.jar:/Users/yunmiheo_or/.gradle/caches/modules-2/files-2.1/org.springframework/spring-beans/5.0.7.RELEASE/c1196cb3e56da83e3c3a02ef323699f4b05feedc/spring-beans-5.0.7.RELEASE.jar:/Users/yunmiheo_or/.gradle/caches/modules-2/files-2.1/org.springframework/spring-expression/5.0.7.RELEASE/ca01fb473f53dd0ee3c85663b26d5dc325602057/spring-expression-5.0.7.RELEASE.jar:/Users/yunmiheo_or/.gradle/caches/modules-2/files-2.1/org.springframework/spring-core/5.0.7.RELEASE/54b731178d81e66eca9623df772ff32718208137/spring-core-5.0.7.RELEASE.jar:/Users/yunmiheo_or/.gradle/caches/modules-2/files-2.1/org.xmlunit/xmlunit-core/2.5.1/4ffdb346572a7356f7521cd3119ce5287d2e339d/xmlunit-core-2.5.1.jar:/Users/yunmiheo_or/.gradle/caches/modules-2/files-2.1/org.springframework.boot/spring-boot-starter-logging/2.0.3.RELEASE/7caad34f01d2688919e15e09a90467963e3d5190/spring-boot-starter-logging-2.0.3.RELEASE.jar:/Users/yunmiheo_or/.gradle/caches/modules-2/files-2.1/javax.annotation/javax.annotation-api/1.3.2/934c04d3cfef185a8008e7bf34331b79730a9d43/javax.annotation-api-1.3.2.jar:/Users/yunmiheo_or/.gradle/caches/modules-2/files-2.1/org.yaml/snakeyaml/1.19/2d998d3d674b172a588e54ab619854d073f555b5/snakeyaml-1.19.jar:/Users/yunmiheo_or/.gradle/caches/modules-2/files-2.1/com.fasterxml.jackson.datatype/jackson-datatype-jdk8/2.9.6/456895fc91bf7180b216fead220373e6278230c9/jackson-datatype-jdk8-2.9.6.jar:/Users/yunmiheo_or/.gradle/caches/modules-2/files-2.1/com.fasterxml.jackson.datatype/jackson-datatype-jsr310/2.9.6/ea54f6193d224e5e5732bbd4262327eb465397c2/jackson-datatype-jsr310-2.9.6.jar:/Users/yunmiheo_or/.gradle/caches/modules-2/files-2.1/com.fasterxml.jackson.module/jackson-module-parameter-names/2.9.6/129acd77a4b6ee30d62d3a0899b1344c8ec2bff8/jackson-module-parameter-names-2.9.6.jar:/Users/yunmiheo_or/.gradle/caches/modules-2/files-2.1/com.fasterxml.jackson.core/jackson-databind/2.9.6/cfa4f316351a91bfd95cb0644c6a2c95f52db1fc/jackson-databind-2.9.6.jar:/Users/yunmiheo_or/.gradle/caches/modules-2/files-2.1/javax.validation/validation-api/2.0.1.Final/cb855558e6271b1b32e716d24cb85c7f583ce09e/validation-api-2.0.1.Final.jar:/Users/yunmiheo_or/.gradle/caches/modules-2/files-2.1/org.jboss.logging/jboss-logging/3.3.2.Final/3789d00e859632e6c6206adc0c71625559e6e3b0/jboss-logging-3.3.2.Final.jar:/Users/yunmiheo_or/.gradle/caches/modules-2/files-2.1/com.fasterxml/classmate/1.3.4/3d5f48f10bbe4eb7bd862f10c0583be2e0053c6/classmate-1.3.4.jar:/Users/yunmiheo_or/.gradle/caches/modules-2/files-2.1/org.apache.tomcat/tomcat-annotations-api/8.5.31/f0758d8b5d1404cc25f98945bdd5959699658b4a/tomcat-annotations-api-8.5.31.jar:/Users/yunmiheo_or/.gradle/caches/modules-2/files-2.1/net.minidev/json-smart/2.3/7396407491352ce4fa30de92efb158adb76b5b/json-smart-2.3.jar:/Users/yunmiheo_or/.gradle/caches/modules-2/files-2.1/ch.qos.logback/logback-classic/1.2.3/7c4f3c474fb2c041d8028740440937705ebb473a/logback-classic-1.2.3.jar:/Users/yunmiheo_or/.gradle/caches/modules-2/files-2.1/org.apache.logging.log4j/log4j-to-slf4j/2.10.0/f7e631ccf49cfc0aefa4a2a728da7d374c05bd3c/log4j-to-slf4j-2.10.0.jar:/Users/yunmiheo_or/.gradle/caches/modules-2/files-2.1/org.slf4j/jul-to-slf4j/1.7.25/af5364cd6679bfffb114f0dec8a157aaa283b76/jul-to-slf4j-1.7.25.jar:/Users/yunmiheo_or/.gradle/caches/modules-2/files-2.1/org.slf4j/slf4j-api/1.7.25/da76ca59f6a57ee3102f8f9bd9cee742973efa8a/slf4j-api-1.7.25.jar:/Users/yunmiheo_or/.gradle/caches/modules-2/files-2.1/net.bytebuddy/byte-buddy/1.7.11/f02857a4e2c66ccbe7aaad6100a0a6c461bce9b3/byte-buddy-1.7.11.jar:/Users/yunmiheo_or/.gradle/caches/modules-2/files-2.1/net.bytebuddy/byte-buddy-agent/1.7.11/b425a8933ca07edd03c6dbc8bc3b595fba9780de/byte-buddy-agent-1.7.11.jar:/Users/yunmiheo_or/.gradle/caches/modules-2/files-2.1/org.objenesis/objenesis/2.6/639033469776fd37c08358c6b92a4761feb2af4b/objenesis-2.6.jar:/Users/yunmiheo_or/.gradle/caches/modules-2/files-2.1/com.vaadin.external.google/android-json/0.0.20131108.vaadin1/fa26d351fe62a6a17f5cda1287c1c6110dec413f/android-json-0.0.20131108.vaadin1.jar:/Users/yunmiheo_or/.gradle/caches/modules-2/files-2.1/org.springframework/spring-jcl/5.0.7.RELEASE/699016ddf454c2c167d9f84ae5777eccadf54728/spring-jcl-5.0.7.RELEASE.jar:/Users/yunmiheo_or/.gradle/caches/modules-2/files-2.1/com.fasterxml.jackson.core/jackson-annotations/2.9.0/7c10d545325e3a6e72e06381afe469fd40eb701/jackson-annotations-2.9.0.jar:/Users/yunmiheo_or/.gradle/caches/modules-2/files-2.1/com.fasterxml.jackson.core/jackson-core/2.9.6/4e393793c37c77e042ccc7be5a914ae39251b365/jackson-core-2.9.6.jar:/Users/yunmiheo_or/.gradle/caches/modules-2/files-2.1/net.minidev/accessors-smart/1.2/c592b500269bfde36096641b01238a8350f8aa31/accessors-smart-1.2.jar:/Users/yunmiheo_or/.gradle/caches/modules-2/files-2.1/ch.qos.logback/logback-core/1.2.3/864344400c3d4d92dfeb0a305dc87d953677c03c/logback-core-1.2.3.jar:/Users/yunmiheo_or/.gradle/caches/modules-2/files-2.1/org.apache.logging.log4j/log4j-api/2.10.0/fec5797a55b786184a537abd39c3fa1449d752d6/log4j-api-2.10.0.jar:/Users/yunmiheo_or/.gradle/caches/modules-2/files-2.1/org.ow2.asm/asm/5.0.4/da08b8cce7bbf903602a25a3a163ae252435795/asm-5.0.4.jar, user.name=yunmiheo_or, java.vm.specification.version=1.8, sun.java.command=worker.org.gradle.process.internal.worker.GradleWorkerMain 'Gradle Test Executor 4', java.home=/Library/Java/JavaVirtualMachines/jdk1.8.0_144.jdk/Contents/Home/jre, sun.arch.data.model=64, user.language=ko, java.specification.vendor=Oracle Corporation, awt.toolkit=sun.lwawt.macosx.LWCToolkit, java.vm.info=mixed mode, java.version=1.8.0_144, java.ext.dirs=/Users/yunmiheo_or/Library/Java/Extensions:/Library/Java/JavaVirtualMachines/jdk1.8.0_144.jdk/Contents/Home/jre/lib/ext:/Library/Java/Extensions:/Network/Library/Java/Extensions:/System/Library/Java/Extensions:/usr/lib/java, sun.boot.class.path=/Library/Java/JavaVirtualMachines/jdk1.8.0_144.jdk/Contents/Home/jre/lib/resources.jar:/Library/Java/JavaVirtualMachines/jdk1.8.0_144.jdk/Contents/Home/jre/lib/rt.jar:/Library/Java/JavaVirtualMachines/jdk1.8.0_144.jdk/Contents/Home/jre/lib/sunrsasign.jar:/Library/Java/JavaVirtualMachines/jdk1.8.0_144.jdk/Contents/Home/jre/lib/jsse.jar:/Library/Java/JavaVirtualMachines/jdk1.8.0_144.jdk/Contents/Home/jre/lib/jce.jar:/Library/Java/JavaVirtualMachines/jdk1.8.0_144.jdk/Contents/Home/jre/lib/charsets.jar:/Library/Java/JavaVirtualMachines/jdk1.8.0_144.jdk/Contents/Home/jre/lib/jfr.jar:/Library/Java/JavaVirtualMachines/jdk1.8.0_144.jdk/Contents/Home/jre/classes, java.vendor=Oracle Corporation, org.gradle.test.worker=4, file.separator=/, java.vendor.url.bug=http://bugreport.sun.com/bugreport/, sun.io.unicode.encoding=UnicodeBig, sun.cpu.endian=little, socksNonProxyHosts=local|*.local|169.254/16|*.169.254/16, ftp.nonProxyHosts=local|*.local|169.254/16|*.169.254/16, sun.cpu.isalist=}}, SystemEnvironmentPropertySource@1476148902 {name='systemEnvironment', properties={PATH=/usr/bin:/bin:/usr/sbin:/sbin, SHELL=/bin/bash, APP_ICON_6933=../Resources/Eclipse.icns, JAVA_STARTED_ON_FIRST_THREAD_6933=1, USER=yunmiheo_or, APP_ICON_494=../Resources/Eclipse.icns, TMPDIR=/var/folders/70/znb6qw_n3hd99pcc66hn6fb40000gp/T/, SSH_AUTH_SOCK=/private/tmp/com.apple.launchd.yd5EGbMUFK/Listeners, XPC_FLAGS=0x0, __CF_USER_TEXT_ENCODING=0x1F6:0x3:0x33, Apple_PubSub_Socket_Render=/private/tmp/com.apple.launchd.xNvWZ1tSRX/Render, JAVA_STARTED_ON_FIRST_THREAD_494=1, LOGNAME=yunmiheo_or, JAVA_MAIN_CLASS_7546=worker.org.gradle.process.internal.worker.GradleWorkerMain, XPC_SERVICE_NAME=0, HOME=/Users/yunmiheo_or}}]
17:02:38.181 [Test worker] DEBUG org.springframework.core.io.support.PathMatchingResourcePatternResolver - Resolved classpath location [com/example/demo/] to resources [URL [file:/Users/yunmiheo_or/Desktop/java/springBoot/build/classes/java/test/com/example/demo/]]
17:02:38.181 [Test worker] DEBUG org.springframework.core.io.support.PathMatchingResourcePatternResolver - Looking for matching resources in directory tree [/Users/yunmiheo_or/Desktop/java/springBoot/build/classes/java/test/com/example/demo]
17:02:38.181 [Test worker] DEBUG org.springframework.core.io.support.PathMatchingResourcePatternResolver - Searching directory [/Users/yunmiheo_or/Desktop/java/springBoot/build/classes/java/test/com/example/demo] for files matching pattern [/Users/yunmiheo_or/Desktop/java/springBoot/build/classes/java/test/com/example/demo/*.class]
17:02:38.184 [Test worker] DEBUG org.springframework.core.io.support.PathMatchingResourcePatternResolver - Resolved location pattern [classpath*:com/example/demo/*.class] to resources [file [/Users/yunmiheo_or/Desktop/java/springBoot/build/classes/java/test/com/example/demo/ApplicationTests.class]]
17:02:38.203 [Test worker] DEBUG org.springframework.core.io.support.PathMatchingResourcePatternResolver - Resolved classpath location [com/example/] to resources [URL [file:/Users/yunmiheo_or/Desktop/java/springBoot/build/classes/java/test/com/example/]]
17:02:38.203 [Test worker] DEBUG org.springframework.core.io.support.PathMatchingResourcePatternResolver - Looking for matching resources in directory tree [/Users/yunmiheo_or/Desktop/java/springBoot/build/classes/java/test/com/example]
17:02:38.203 [Test worker] DEBUG org.springframework.core.io.support.PathMatchingResourcePatternResolver - Searching directory [/Users/yunmiheo_or/Desktop/java/springBoot/build/classes/java/test/com/example] for files matching pattern [/Users/yunmiheo_or/Desktop/java/springBoot/build/classes/java/test/com/example/*.class]
17:02:38.204 [Test worker] DEBUG org.springframework.core.io.support.PathMatchingResourcePatternResolver - Resolved location pattern [classpath*:com/example/*.class] to resources []
17:02:38.204 [Test worker] DEBUG org.springframework.core.io.support.PathMatchingResourcePatternResolver - Resolved classpath location [com/] to resources [URL [jar:file:/System/Library/Java/Extensions/MRJToolkit.jar!/com/], URL [file:/Users/yunmiheo_or/Desktop/java/springBoot/build/classes/java/test/com/], URL [file:/Users/yunmiheo_or/Desktop/java/springBoot/build/classes/java/main/com/], URL [jar:file:/Users/yunmiheo_or/.gradle/caches/modules-2/files-2.1/com.jayway.jsonpath/json-path/2.4.0/765a4401ceb2dc8d40553c2075eb80a8fa35c2ae/json-path-2.4.0.jar!/com/], URL [jar:file:/Users/yunmiheo_or/.gradle/caches/modules-2/files-2.1/com.fasterxml.jackson.datatype/jackson-datatype-jdk8/2.9.6/456895fc91bf7180b216fead220373e6278230c9/jackson-datatype-jdk8-2.9.6.jar!/com/], URL [jar:file:/Users/yunmiheo_or/.gradle/caches/modules-2/files-2.1/com.fasterxml.jackson.datatype/jackson-datatype-jsr310/2.9.6/ea54f6193d224e5e5732bbd4262327eb465397c2/jackson-datatype-jsr310-2.9.6.jar!/com/], URL [jar:file:/Users/yunmiheo_or/.gradle/caches/modules-2/files-2.1/com.fasterxml.jackson.module/jackson-module-parameter-names/2.9.6/129acd77a4b6ee30d62d3a0899b1344c8ec2bff8/jackson-module-parameter-names-2.9.6.jar!/com/], URL [jar:file:/Users/yunmiheo_or/.gradle/caches/modules-2/files-2.1/com.fasterxml.jackson.core/jackson-databind/2.9.6/cfa4f316351a91bfd95cb0644c6a2c95f52db1fc/jackson-databind-2.9.6.jar!/com/], URL [jar:file:/Users/yunmiheo_or/.gradle/caches/modules-2/files-2.1/com.fasterxml/classmate/1.3.4/3d5f48f10bbe4eb7bd862f10c0583be2e0053c6/classmate-1.3.4.jar!/com/], URL [jar:file:/Users/yunmiheo_or/.gradle/caches/modules-2/files-2.1/com.fasterxml.jackson.core/jackson-annotations/2.9.0/7c10d545325e3a6e72e06381afe469fd40eb701/jackson-annotations-2.9.0.jar!/com/], URL [jar:file:/Users/yunmiheo_or/.gradle/caches/modules-2/files-2.1/com.fasterxml.jackson.core/jackson-core/2.9.6/4e393793c37c77e042ccc7be5a914ae39251b365/jackson-core-2.9.6.jar!/com/]]
17:02:38.205 [Test worker] DEBUG org.springframework.core.io.support.PathMatchingResourcePatternResolver - Looking for matching resources in jar file [file:/System/Library/Java/Extensions/MRJToolkit.jar]
17:02:38.205 [Test worker] DEBUG org.springframework.core.io.support.PathMatchingResourcePatternResolver - Looking for matching resources in directory tree [/Users/yunmiheo_or/Desktop/java/springBoot/build/classes/java/test/com]
17:02:38.205 [Test worker] DEBUG org.springframework.core.io.support.PathMatchingResourcePatternResolver - Searching directory [/Users/yunmiheo_or/Desktop/java/springBoot/build/classes/java/test/com] for files matching pattern [/Users/yunmiheo_or/Desktop/java/springBoot/build/classes/java/test/com/*.class]
17:02:38.206 [Test worker] DEBUG org.springframework.core.io.support.PathMatchingResourcePatternResolver - Looking for matching resources in directory tree [/Users/yunmiheo_or/Desktop/java/springBoot/build/classes/java/main/com]
17:02:38.206 [Test worker] DEBUG org.springframework.core.io.support.PathMatchingResourcePatternResolver - Searching directory [/Users/yunmiheo_or/Desktop/java/springBoot/build/classes/java/main/com] for files matching pattern [/Users/yunmiheo_or/Desktop/java/springBoot/build/classes/java/main/com/*.class]
17:02:38.206 [Test worker] DEBUG org.springframework.core.io.support.PathMatchingResourcePatternResolver - Looking for matching resources in jar file [file:/Users/yunmiheo_or/.gradle/caches/modules-2/files-2.1/com.jayway.jsonpath/json-path/2.4.0/765a4401ceb2dc8d40553c2075eb80a8fa35c2ae/json-path-2.4.0.jar]
17:02:38.209 [Test worker] DEBUG org.springframework.core.io.support.PathMatchingResourcePatternResolver - Looking for matching resources in jar file [file:/Users/yunmiheo_or/.gradle/caches/modules-2/files-2.1/com.fasterxml.jackson.datatype/jackson-datatype-jdk8/2.9.6/456895fc91bf7180b216fead220373e6278230c9/jackson-datatype-jdk8-2.9.6.jar]
17:02:38.209 [Test worker] DEBUG org.springframework.core.io.support.PathMatchingResourcePatternResolver - Looking for matching resources in jar file [file:/Users/yunmiheo_or/.gradle/caches/modules-2/files-2.1/com.fasterxml.jackson.datatype/jackson-datatype-jsr310/2.9.6/ea54f6193d224e5e5732bbd4262327eb465397c2/jackson-datatype-jsr310-2.9.6.jar]
17:02:38.210 [Test worker] DEBUG org.springframework.core.io.support.PathMatchingResourcePatternResolver - Looking for matching resources in jar file [file:/Users/yunmiheo_or/.gradle/caches/modules-2/files-2.1/com.fasterxml.jackson.module/jackson-module-parameter-names/2.9.6/129acd77a4b6ee30d62d3a0899b1344c8ec2bff8/jackson-module-parameter-names-2.9.6.jar]
17:02:38.211 [Test worker] DEBUG org.springframework.core.io.support.PathMatchingResourcePatternResolver - Looking for matching resources in jar file [file:/Users/yunmiheo_or/.gradle/caches/modules-2/files-2.1/com.fasterxml.jackson.core/jackson-databind/2.9.6/cfa4f316351a91bfd95cb0644c6a2c95f52db1fc/jackson-databind-2.9.6.jar]
17:02:38.218 [Test worker] DEBUG org.springframework.core.io.support.PathMatchingResourcePatternResolver - Looking for matching resources in jar file [file:/Users/yunmiheo_or/.gradle/caches/modules-2/files-2.1/com.fasterxml/classmate/1.3.4/3d5f48f10bbe4eb7bd862f10c0583be2e0053c6/classmate-1.3.4.jar]
17:02:38.219 [Test worker] DEBUG org.springframework.core.io.support.PathMatchingResourcePatternResolver - Looking for matching resources in jar file [file:/Users/yunmiheo_or/.gradle/caches/modules-2/files-2.1/com.fasterxml.jackson.core/jackson-annotations/2.9.0/7c10d545325e3a6e72e06381afe469fd40eb701/jackson-annotations-2.9.0.jar]
17:02:38.220 [Test worker] DEBUG org.springframework.core.io.support.PathMatchingResourcePatternResolver - Looking for matching resources in jar file [file:/Users/yunmiheo_or/.gradle/caches/modules-2/files-2.1/com.fasterxml.jackson.core/jackson-core/2.9.6/4e393793c37c77e042ccc7be5a914ae39251b365/jackson-core-2.9.6.jar]
17:02:38.221 [Test worker] DEBUG org.springframework.core.io.support.PathMatchingResourcePatternResolver - Resolved location pattern [classpath*:com/*.class] to resources []
]]></system-out>
  <system-err><![CDATA[]]></system-err>
</testsuite>
